<?xml version="1.0" encoding="UTF-8"?>
<!-- Generated by org.testng.reporters.JUnitReportReporter -->
<testsuite hostname="WARNER" failures="0" tests="5" name="com.tests.LoginTests" time="13.974" errors="0" timestamp="2024-12-18T15:08:43 IST" skipped="0">
  <testcase classname="com.tests.LoginTests" name="testLogin" time="1.916"/>
  <system-out/>
  <testcase classname="com.tests.LoginTests" name="testLogin" time="1.045"/>
  <system-out/>
  <testcase classname="com.tests.LoginTests" name="testLogin" time="1.702"/>
  <system-out/>
  <testcase classname="com.tests.LoginTests" name="testLogin" time="2.071"/>
  <system-out/>
  <testcase classname="com.tests.LoginTests" name="testLogin" time="7.240"/>
  <system-out/>
</testsuite> <!-- com.tests.LoginTests -->
